<?xml version="1.0" encoding="UTF-8"?>
<testng-results skipped="0" failed="0" total="5" passed="5">
  <reporter-output>
  </reporter-output>
  <suite name="Main Test Suite" duration-ms="69116" started-at="2018-10-16T10:28:24Z" finished-at="2018-10-16T10:29:33Z">
    <groups>
    </groups>
    <test name="TestNG Test Group" duration-ms="69116" started-at="2018-10-16T10:28:24Z" finished-at="2018-10-16T10:29:33Z">
      <class name="Example.TestB">
        <test-method status="PASS" signature="setUp()[pri:0, instance:Example.TestB@6093dd95]" name="setUp" is-config="true" duration-ms="3378" started-at="2018-10-16T15:59:15Z" finished-at="2018-10-16T15:59:19Z">
          <reporter-output>
          </reporter-output>
        </test-method> <!-- setUp -->
        <test-method status="PASS" signature="setUp()[pri:0, instance:Example.TestB@6093dd95]" name="setUp" is-config="true" duration-ms="4891" started-at="2018-10-16T15:59:19Z" finished-at="2018-10-16T15:59:24Z">
          <reporter-output>
          </reporter-output>
        </test-method> <!-- setUp -->
        <test-method status="PASS" signature="testB1()[pri:0, instance:Example.TestB@6093dd95]" name="testB1" duration-ms="2" started-at="2018-10-16T15:59:24Z" finished-at="2018-10-16T15:59:24Z">
          <reporter-output>
          </reporter-output>
        </test-method> <!-- testB1 -->
        <test-method status="PASS" signature="tearDown()[pri:0, instance:Example.TestB@6093dd95]" name="tearDown" is-config="true" duration-ms="613" started-at="2018-10-16T15:59:24Z" finished-at="2018-10-16T15:59:24Z">
          <reporter-output>
          </reporter-output>
        </test-method> <!-- tearDown -->
        <test-method status="PASS" signature="setUp()[pri:0, instance:Example.TestB@6093dd95]" name="setUp" is-config="true" duration-ms="6763" started-at="2018-10-16T15:59:24Z" finished-at="2018-10-16T15:59:31Z">
          <reporter-output>
          </reporter-output>
        </test-method> <!-- setUp -->
        <test-method status="PASS" signature="testB2()[pri:0, instance:Example.TestB@6093dd95]" name="testB2" duration-ms="4" started-at="2018-10-16T15:59:31Z" finished-at="2018-10-16T15:59:31Z">
          <reporter-output>
          </reporter-output>
        </test-method> <!-- testB2 -->
        <test-method status="PASS" signature="tearDown()[pri:0, instance:Example.TestB@6093dd95]" name="tearDown" is-config="true" duration-ms="1562" started-at="2018-10-16T15:59:31Z" finished-at="2018-10-16T15:59:33Z">
          <reporter-output>
          </reporter-output>
        </test-method> <!-- tearDown -->
        <test-method status="PASS" signature="tearDown()[pri:0, instance:Example.TestB@6093dd95]" name="tearDown" is-config="true" duration-ms="0" started-at="2018-10-16T15:59:33Z" finished-at="2018-10-16T15:59:33Z">
          <reporter-output>
          </reporter-output>
        </test-method> <!-- tearDown -->
      </class> <!-- Example.TestB -->
      <class name="Example.TestA">
        <test-method status="PASS" signature="setUp()[pri:0, instance:Example.TestA@6d4b1c02]" name="setUp" is-config="true" duration-ms="26842" started-at="2018-10-16T15:58:24Z" finished-at="2018-10-16T15:58:50Z">
          <reporter-output>
          </reporter-output>
        </test-method> <!-- setUp -->
        <test-method status="PASS" signature="setUp()[pri:0, instance:Example.TestA@6d4b1c02]" name="setUp" is-config="true" duration-ms="5757" started-at="2018-10-16T15:58:50Z" finished-at="2018-10-16T15:58:56Z">
          <reporter-output>
          </reporter-output>
        </test-method> <!-- setUp -->
        <test-method status="PASS" signature="TestA()[pri:0, instance:Example.TestA@6d4b1c02]" name="TestA" duration-ms="7487" started-at="2018-10-16T15:58:56Z" finished-at="2018-10-16T15:59:04Z">
          <reporter-output>
          </reporter-output>
        </test-method> <!-- TestA -->
        <test-method status="PASS" signature="tearDown()[pri:0, instance:Example.TestA@6d4b1c02]" name="tearDown" is-config="true" duration-ms="987" started-at="2018-10-16T15:59:04Z" finished-at="2018-10-16T15:59:05Z">
          <reporter-output>
          </reporter-output>
        </test-method> <!-- tearDown -->
        <test-method status="PASS" signature="setUp()[pri:0, instance:Example.TestA@6d4b1c02]" name="setUp" is-config="true" duration-ms="4427" started-at="2018-10-16T15:59:05Z" finished-at="2018-10-16T15:59:09Z">
          <reporter-output>
          </reporter-output>
        </test-method> <!-- setUp -->
        <test-method status="PASS" signature="testA1()[pri:0, instance:Example.TestA@6d4b1c02]" name="testA1" duration-ms="1" started-at="2018-10-16T15:59:09Z" finished-at="2018-10-16T15:59:09Z">
          <reporter-output>
          </reporter-output>
        </test-method> <!-- testA1 -->
        <test-method status="PASS" signature="tearDown()[pri:0, instance:Example.TestA@6d4b1c02]" name="tearDown" is-config="true" duration-ms="1339" started-at="2018-10-16T15:59:09Z" finished-at="2018-10-16T15:59:10Z">
          <reporter-output>
          </reporter-output>
        </test-method> <!-- tearDown -->
        <test-method status="PASS" signature="setUp()[pri:0, instance:Example.TestA@6d4b1c02]" name="setUp" is-config="true" duration-ms="4385" started-at="2018-10-16T15:59:10Z" finished-at="2018-10-16T15:59:15Z">
          <reporter-output>
          </reporter-output>
        </test-method> <!-- setUp -->
        <test-method status="PASS" signature="testA2()[pri:0, instance:Example.TestA@6d4b1c02]" name="testA2" duration-ms="2" started-at="2018-10-16T15:59:15Z" finished-at="2018-10-16T15:59:15Z">
          <reporter-output>
          </reporter-output>
        </test-method> <!-- testA2 -->
        <test-method status="PASS" signature="tearDown()[pri:0, instance:Example.TestA@6d4b1c02]" name="tearDown" is-config="true" duration-ms="631" started-at="2018-10-16T15:59:15Z" finished-at="2018-10-16T15:59:15Z">
          <reporter-output>
          </reporter-output>
        </test-method> <!-- tearDown -->
        <test-method status="PASS" signature="tearDown()[pri:0, instance:Example.TestA@6d4b1c02]" name="tearDown" is-config="true" duration-ms="0" started-at="2018-10-16T15:59:15Z" finished-at="2018-10-16T15:59:15Z">
          <reporter-output>
          </reporter-output>
        </test-method> <!-- tearDown -->
      </class> <!-- Example.TestA -->
    </test> <!-- TestNG Test Group -->
  </suite> <!-- Main Test Suite -->
</testng-results>
