<?xml version="1.0" encoding="UTF-8"?>
<!-- Generated by org.testng.reporters.JUnitXMLReporter -->
<testsuite hostname="AITACS12-PC" name="TestNG Test Group" tests="5" failures="0" timestamp="16 Oct 2018 10:29:33 GMT" time="69.116" errors="0">
  <testcase name="TestA" time="7.487" classname="Example.TestA"/>
  <testcase name="testA1" time="0.001" classname="Example.TestA"/>
  <testcase name="testA2" time="0.002" classname="Example.TestA"/>
  <testcase name="testB1" time="0.002" classname="Example.TestB"/>
  <testcase name="testB2" time="0.004" classname="Example.TestB"/>
</testsuite> <!-- TestNG Test Group -->
